<?xml version="1.0" encoding="UTF-8"?>
<testng-results skipped="0" failed="0" ignored="0" total="1" passed="1">
  <reporter-output>
  </reporter-output>
  <suite name="Suite" duration-ms="40" started-at="2018-09-12T09:16:41Z" finished-at="2018-09-12T09:16:41Z">
    <groups>
    </groups>
    <test name="Test" duration-ms="40" started-at="2018-09-12T09:16:41Z" finished-at="2018-09-12T09:16:41Z">
      <class name="test.Class1">
        <test-method status="PASS" signature="test1()[pri:0, instance:test.Class1@1e67b872]" name="test1" duration-ms="8" started-at="2018-09-12T09:16:41Z" finished-at="2018-09-12T09:16:41Z">
          <reporter-output>
          </reporter-output>
        </test-method> <!-- test1 -->
      </class> <!-- test.Class1 -->
    </test> <!-- Test -->
  </suite> <!-- Suite -->
</testng-results>
